<?xml version="1.0" encoding="UTF-8"?>
<!-- Generated by org.testng.reporters.JUnitReportReporter -->
<testsuite name="APITesting.com.org.api.WeatherGetRequests" tests="1" time="1.205" ignored="0" failures="0" timestamp="23 Dec 2016 19:33:24 GMT" skipped="0" hostname="MainPc" errors="0">
  <testcase name="Test_01_Get_Weather_By_Country_And_City_Name_And_Verify_Resposnce_Code_Is_200" time="1.205" classname="APITesting.com.org.api.WeatherGetRequests"/>
</testsuite> <!-- APITesting.com.org.api.WeatherGetRequests -->
