<?xml version="1.0" encoding="UTF-8"?>
<!-- Generated by org.testng.reporters.JUnitReportReporter -->
<testsuite name="APITesting.com.org.api.Weather" tests="1" time="1.178" ignored="0" failures="0" timestamp="24 Dec 2016 13:30:29 GMT" skipped="0" hostname="MainPc" errors="0">
  <testcase name="Test_06_Get_Weather_By_Country_And_CityName_With_ValidToken_And_GetResponse" time="1.178" classname="APITesting.com.org.api.Weather"/>
</testsuite> <!-- APITesting.com.org.api.Weather -->
